<?xml version="1.0" encoding="utf-8"?>
<test-run id="0" testcasecount="2" result="Passed" total="2" passed="2" failed="0" inconclusive="0" skipped="0" asserts="2" portable-engine-version="3.3.0.0" start-time="2016-09-21 10:37:47Z" end-time="2016-09-21 10:37:47Z" duration="0.300625">
  <test-suite type="Assembly" id="1003" name="fsharpvscode, Version=1.0.0.0, Culture=neutral, PublicKeyToken=null" fullname="fsharpvscode, Version=1.0.0.0, Culture=neutral, PublicKeyToken=null" runstate="Runnable" testcasecount="2" result="Passed" start-time="2016-09-21 10:37:47Z" end-time="2016-09-21 10:37:47Z" duration="0.109363" total="2" passed="2" failed="0" inconclusive="0" skipped="0" asserts="2">
    <settings>
      <setting name="WorkDirectory" value="/Users/piyushchauhan/Documents/testcodes/fsharpvscode" />
    </settings>
    <test-suite type="TestSuite" id="1004" name="FSharpCode" fullname="FSharpCode" runstate="Runnable" testcasecount="2" result="Passed" start-time="2016-09-21 10:37:47Z" end-time="2016-09-21 10:37:47Z" duration="0.096275" total="2" passed="2" failed="0" inconclusive="0" skipped="0" asserts="2">
      <test-suite type="TestFixture" id="1000" name="Program" fullname="FSharpCode.Program" classname="FSharpCode.Program" runstate="Runnable" testcasecount="2" result="Passed" start-time="2016-09-21 10:37:47Z" end-time="2016-09-21 10:37:47Z" duration="0.089827" total="2" passed="2" failed="0" inconclusive="0" skipped="0" asserts="2">
        <test-case id="1001" name="When 2 is added to 2 expect 4" fullname="FSharpCode.Program.When 2 is added to 2 expect 4" methodname="When 2 is added to 2 expect 4" classname="FSharpCode.Program" runstate="Runnable" seed="1350739622" result="Passed" start-time="2016-09-21 10:37:47Z" end-time="2016-09-21 10:37:47Z" duration="0.018675" asserts="1" />
        <test-case id="1002" name="When List is added to list expect length to increment by 1" fullname="FSharpCode.Program.When List is added to list expect length to increment by 1" methodname="When List is added to list expect length to increment by 1" classname="FSharpCode.Program" runstate="Runnable" seed="435556997" result="Passed" start-time="2016-09-21 10:37:47Z" end-time="2016-09-21 10:37:47Z" duration="0.006882" asserts="1" />
      </test-suite>
    </test-suite>
  </test-suite>
</test-run>